Arguments: 
  D:\ProgramFiles\nodejs\node.exe D:\ProgramFiles\nodejs\node_modules\yarn\bin\yarn.js add global tsc

PATH: 
  C:\Program Files\Amazon Corretto\jdk1.8.0_302\bin;C:\Program Files (x86)\Common Files\Oracle\Java\javapath;C:\ProgramData\DockerDesktop\version-bin;C:\Program Files\Docker\Docker\Resources\bin;D:\Program Files (x86)\NetSarang\Xshell 6\;C:\WINDOWS\system32;C:\WINDOWS;C:\WINDOWS\System32\Wbem;C:\WINDOWS\System32\WindowsPowerShell\v1.0\;C:\Program Files\Microsoft SQL Server\130\Tools\Binn\;C:\Program Files\dotnet\;C:\WINDOWS\System32\OpenSSH\;d:\Program Files\Git\cmd;C:\Program Files\Microsoft SQL Server\Client SDK\ODBC\170\Tools\Binn\;D:\Go\bin;E:\work\gopath\bin;C:\Program Files (x86)\Microsoft SQL Server\150\DTS\Binn\;C:\ProgramData\chocolatey\bin;D:\Program Files\TortoiseSVN\bin;C:\Program Files\Microsoft\Web Platform Installer\;D:\ProgramFiles\nvm;D:\ProgramFiles\nodejs;D:\Program Files\nvm;D:\Program Files (x86)\NetSarang\Xshell 7\;D:\ProgramFiles\Anaconda3;D:\ProgramFiles\Anaconda3\Library\mingw-w64\bin;D:\ProgramFiles\Anaconda3\Library\usr\bin;D:\ProgramFiles\Anaconda3\Library\bin;D:\ProgramFiles\Anaconda3\Scripts;C:\Users\taosen\.windows-build-tools\python27\;C:\Users\taosen\AppData\Local\Microsoft\WindowsApps;D:\Program Files (x86)\Yarn\bin;D:\Program Files\Git\bin;D:\Program Files (x86)\Microsoft VS Code\bin;C:\Users\taosen\.dotnet\tools;d:\Users\taosen\AppData\Local\Programs\Fiddler;C:\Users\taosen\AppData\Roaming\npm\egg-init;C:\Users\taosen\go\bin;d:\Program Files\JetBrains\GoLand 2019.3\bin;C:\Users\taosen\AppData\Local\BypassRuntm;D:\Program Files (x86)\nuget;C:\Users\taosen\AppData\Local\GitHubDesktop\bin;C:\Users\taosen\.dotnet\tools;d:\Program Files\JetBrains\IntelliJ IDEA Community Edition 2020.3\bin;;D:\ProgramFiles\nvm;D:\ProgramFiles\nodejs;D:\ProgramFiles\tagui\src;

Yarn version: 
  1.22.11

Node version: 
  14.17.0

Platform: 
  win32 x64

Trace: 
  Error: http://registry.npm.jianke.com/tsc: no such package available
      at Request.params.callback [as _callback] (D:\ProgramFiles\nvm\v14.17.0\node_modules\yarn\lib\cli.js:66992:18)
      at Request.self.callback (D:\ProgramFiles\nvm\v14.17.0\node_modules\yarn\lib\cli.js:140763:22)
      at Request.emit (events.js:376:20)
      at Request.<anonymous> (D:\ProgramFiles\nvm\v14.17.0\node_modules\yarn\lib\cli.js:141735:10)
      at Request.emit (events.js:376:20)
      at IncomingMessage.<anonymous> (D:\ProgramFiles\nvm\v14.17.0\node_modules\yarn\lib\cli.js:141657:12)
      at Object.onceWrapper (events.js:482:28)
      at IncomingMessage.emit (events.js:388:22)
      at endReadableNT (internal/streams/readable.js:1336:12)
      at processTicksAndRejections (internal/process/task_queues.js:82:21)

npm manifest: 
  {
    "name": "nestjs-rate-limiter",
    "version": "3.0.3-jk",
    "description": "Highly configurable and extensible rate limiter library",
    "repository": {
      "type": "git",
      "url": "git+https://github.com/ozkanonur/nestjs-rate-limiter.git"
    },
    "keywords": [
      "nestjs",
      "nest",
      "rate-limiter",
      "request-limiter",
      "security"
    ],
    "main": "dist/index.js",
    "author": "Onur Ozkan <contact@onurozkan.dev>",
    "contributors": [
      "Onur Ozkan <onurozkan.dev@outlook.com>",
      "Ryan Dowling <ryan@ryandowling.me>"
    ],
    "license": "MIT",
    "bugs": {
      "url": "https://github.com/ozkanonur/nestjs-rate-limiter/issues"
    },
    "homepage": "https://github.com/ozkanonur/nestjs-rate-limiter#readme",
    "publishConfig": {
      "access": "public"
    },
    "scripts": {
      "build": " tsc -p tsconfig.json",
      "lint": "prettier --write lib",
      "test": "jest --config ./jest.config.js"
    },
    "dependencies": {
      "rate-limiter-flexible": "2.1.10"
    },
    "devDependencies": {
      "@nestjs/common": "latest",
      "@nestjs/core": "latest",
      "@types/jest": "^26.0.15",
      "@types/node": "^14.11.1",
      "jest": "^26.6.3",
      "prettier": "^2.1.1",
      "reflect-metadata": "0.1.13",
      "rxjs": "^6.6.3",
      "ts-node": "^9.0.0",
      "ts-jest": "^26.4.4",
      "typescript": "^4.0.2"
    }
  }

yarn manifest: 
  No manifest

Lockfile: 
  No lockfile
